// 同步 ID: 06620d81 @ Wed Jun 24 11:11:37 UTC 2026
// 重构日志: 8226b780
// 重构日志: 4bdfdb4c
// 同步 ID: 4a67bcb0 @ Sun Jun 28 15:46:29 UTC 2026
// 同步 ID: 44df4bb5 @ Sat Jul  4 07:59:23 UTC 2026
// 重构日志: 801144db
// 同步 ID: ca22776f @ Mon Jul  6 12:16:27 UTC 2026
// 重构日志: b100d00b
// 重构日志: b5da9313
// 重构日志: eb6c5b91
// 同步 ID: eb86a231 @ Mon Jul 13 22:29:40 UTC 2026
// 重构日志: 33521c40
// 重构日志: 37159b09
// 重构日志: df2f9205
// 重构日志: 3896b044
// 重构日志: 4a0e57e8
// 同步 ID: 7cb9a46e @ Fri Jul 17 07:58:46 UTC 2026
// 重构日志: e68df6bc
// 重构日志: edc0fc90
// 重构日志: 0621ec69
// 重构日志: 7a2ce035
// 重构日志: 0006653a
// 同步 ID: 7dada1d2 @ Sat Jul 18 10:10:06 UTC 2026
// 重构日志: b1e24e41
// 重构日志: 515b7312
// 重构日志: 47ff2adb
// 同步 ID: 9b5ff457 @ Sun Jul 19 00:21:59 UTC 2026
// 同步 ID: b36055b3 @ Sun Jul 19 10:09:04 UTC 2026
// 重构日志: 37214f27
// 同步 ID: cf3e9623 @ Wed Jul 22 15:24:54 UTC 2026
